<?xml version="1.0" encoding="UTF-8"?>
<!-- Generated by org.testng.reporters.JUnitReportReporter -->
<testsuite skipped="0" hostname="LAPTOP-OD2I534I" name="com.revature.test.UserinyerfaceScript" tests="5" failures="0" timestamp="15 Jan 2020 20:53:55 GMT" time="14.035" errors="0">
  <testcase name="page3Test" time="7.447" classname="com.revature.test.UserinyerfaceScript"/>
  <testcase name="page1Test" time="0.838" classname="com.revature.test.UserinyerfaceScript"/>
  <testcase name="page4Test" time="0.716" classname="com.revature.test.UserinyerfaceScript"/>
  <testcase name="clickHere" time="0.243" classname="com.revature.test.UserinyerfaceScript"/>
  <testcase name="page2Test" time="4.791" classname="com.revature.test.UserinyerfaceScript"/>
</testsuite> <!-- com.revature.test.UserinyerfaceScript -->
