<?xml version="1.0" encoding="UTF-8"?>
<!-- Generated by org.testng.reporters.JUnitReportReporter -->
<testsuite skipped="0" hostname="LAPTOP-OD2I534I" name="com.revature.test.QCSurveyScript" tests="1" failures="0" timestamp="17 Jan 2020 20:58:56 GMT" time="16.118" errors="0">
  <testcase name="doesntNeedToBeATestButIAlreadyMadeThisJavaFile" time="16.118" classname="com.revature.test.QCSurveyScript"/>
</testsuite> <!-- com.revature.test.QCSurveyScript -->
